-------------------------------------------------------------------------------
Test set: TestSuite
-------------------------------------------------------------------------------
Tests run: 2, Failures: 1, Errors: 0, Skipped: 1, Time elapsed: 0.55 s <<< FAILURE! - in TestSuite
setUp(pe.com.web.petcenter.LogInTests)  Time elapsed: 0.407 s  <<< FAILURE!
java.lang.IllegalStateException: The driver executable does not exist: C:\Users\alexander.ocampo\Desktop\Automation\MicrosoftWebDriver.exe

